Tandem Queue

Mean interarrival time      2.000 minutes

Mean service time           1.000 minutes

Number of customers          2000



Average delay in queue      0.201 minutes

Average number in queue     0.387

Server utilization          0.525

Time simulation ended    1054.507 minutes
***********************************************
Tandem Queue

Mean interarrival time      2.000 minutes

Mean service time           1.000 minutes

Number of customers          2000



Average delay in queue      0.619 minutes

Average number in queue     0.510

Server utilization          0.490

Time simulation ended    2436.153 minutes
***********************************************
Tandem Queue

Mean interarrival time      2.000 minutes

Mean service time           1.000 minutes

Number of customers          2000



Average delay in queue      1.050 minutes

Average number in queue     0.549

Server utilization          0.498

Time simulation ended    3837.472 minutes
***********************************************
Tandem Queue

Mean interarrival time      2.000 minutes

Mean service time           1.000 minutes

Number of customers          2000



Average delay in queue      1.262 minutes

Average number in queue     0.495

Server utilization          0.503

Time simulation ended    5095.139 minutes
***********************************************
Tandem Queue

Mean interarrival time      2.000 minutes

Mean service time           1.000 minutes

Number of customers          2000



Average delay in queue      1.492 minutes

Average number in queue     0.494

Server utilization          0.497

Time simulation ended    6038.157 minutes
***********************************************
Tandem Queue

Mean interarrival time      2.000 minutes

Mean service time           1.000 minutes

Number of customers          2000



Average delay in queue      2.160 minutes

Average number in queue     0.537

Server utilization          0.516

Time simulation ended    8048.445 minutes
***********************************************
