Tandem Queue

Mean interarrival time      5.000 minutes

Mean service time           1.000 minutes

Number of customers          2000



Average delay in queue      0.077 minutes

Average number in queue     0.052

Server utilization          0.210

Time simulation ended    2995.779 minutes
***********************************************
Tandem Queue

Mean interarrival time      5.000 minutes

Mean service time           1.000 minutes

Number of customers          2000



Average delay in queue      0.153 minutes

Average number in queue     0.046

Server utilization          0.211

Time simulation ended    6719.111 minutes
***********************************************
Tandem Queue

Mean interarrival time      5.000 minutes

Mean service time           1.000 minutes

Number of customers          2000



Average delay in queue      0.247 minutes

Average number in queue     0.048

Server utilization          0.195

Time simulation ended   10192.273 minutes
***********************************************
Tandem Queue

Mean interarrival time      5.000 minutes

Mean service time           1.000 minutes

Number of customers          2000



Average delay in queue      0.296 minutes

Average number in queue     0.047

Server utilization          0.198

Time simulation ended   12649.047 minutes
***********************************************
Tandem Queue

Mean interarrival time      5.000 minutes

Mean service time           1.000 minutes

Number of customers          2000



Average delay in queue      0.325 minutes

Average number in queue     0.052

Server utilization          0.196

Time simulation ended   12612.303 minutes
***********************************************
Tandem Queue

Mean interarrival time      5.000 minutes

Mean service time           1.000 minutes

Number of customers          2000



Average delay in queue      0.281 minutes

Average number in queue     0.045

Server utilization          0.192

Time simulation ended   12536.074 minutes
***********************************************
