\begin{verbatim}
            CSIM Simulation Report (Version 19.0 for SPARC Solaris)

                                  M/M/1 Queue

                           Mon Feb 15 17:39:52 2010


                     Ending simulation time:      9865.713
                     Elapsed simulation time:     9865.713
                     CPU time used (seconds):        0.140


FACILITY SUMMARY 

facility     service    service          through-    queue     response   compl
name           disc      time    util.     put       length      time     count
--------------------------------------------------------------------------------
facility     fcfs       1.01112  0.512    0.50681    0.55222    1.08960     5000
   > server  0          1.00237  0.355    0.35436                           3496
   > server  1          1.03146  0.157    0.15245                           1504
   > class class 0      1.01134  0.254    0.25077    0.27304    1.08881     2474
   > class class 1      1.01091  0.259    0.25604    0.27918    1.09038     2526


PROCESS CLASS SUMMARY 

 id  name            number     lifetime   hold count    hold time    wait time
--------------------------------------------------------------------------------
  0  default           5001      1.97275      0.99980      1.97241      0.00034 
  1  class 0           2474      1.08881      1.00000      1.01134      0.07747 
  2  class 1           2526      1.09038      1.00000      1.01091      0.07947 



TABLE 1:  resp tms

      minimum         0.000145          mean                    1.089604
      maximum        10.791286          variance                1.181387
      range          10.791142          standard deviation      1.086916
      observations        5000          coefficient of var      0.997533

QTABLE 1:  num in sys

      initial       0      minimum       0      mean                    0.552218
      final         0      maximum       8      variance                0.648783
      entries    5000      range         8      standard deviation      0.805471
      exits      5000                           coeff of variation      1.458611

                                             cumulative
        number    total time    proportion   proportion

             0    5852.15006     0.593181     0.593181   ********************
             1    2971.51407     0.301196     0.894377   **********          
             2     763.59921     0.077399     0.971776   ***                 
             3     195.60913     0.019827     0.991603   *                   
             4      58.82568     0.005963     0.997566   .
             5      18.28632     0.001854     0.999419   .
             6       4.52843     0.000459     0.999878   .
             7       1.02624     0.000104     0.999982   .
             8       0.17391     0.000018     1.000000   .


	facility facility
service disp    fcfs
service time    1.011
utilization     0.512
throughput      0.507
queue length    0.552
response time   1.090
completions     5000
preempts        0
num servers     2

server 0
    service time    1.002
    utilization     0.355
    throughput      0.354
    completions     3496

server 1
    service time    1.031
    utilization     0.157
    throughput      0.152
    completions     1504

class 0
    service time     1.011
    utilization      0.254
    throughput       0.251
    queue length     0.273
    response time    1.089
    completions      2474

class 1
    service time     1.011
    utilization      0.259
    throughput       0.256
    queue length     0.279
    response time    1.090
    completions      2526
\end{verbatim}