Single-server queueing system

Mean interarrival time      1.110 minutes

Mean service time           1.000 minutes

Number of customers          2000



Average delay in queue1161351040.000 minutes

Average number in queue     1.230

Server utilization       0.000000

Time simulation ended 3351640.000 minutes
***********************************************
Single-server queueing system

Mean interarrival time      1.110 minutes

Mean service time           1.000 minutes

Number of customers          2000



Average delay in queue5808014848.000 minutes

Average number in queue    30.150

Server utilization       0.000000

Time simulation ended  298394.906 minutes
***********************************************
Single-server queueing system

Mean interarrival time      1.110 minutes

Mean service time           1.000 minutes

Number of customers          2000



Average delay in queue11842893824.000 minutes

Average number in queue     3.590

Server utilization       0.000000

Time simulation ended  426564.688 minutes
***********************************************
Single-server queueing system

Mean interarrival time      1.110 minutes

Mean service time           1.000 minutes

Number of customers          2000



Average delay in queue936444928.000 minutes

Average number in queue    12.799

Server utilization       0.000000

Time simulation ended  257317.156 minutes
***********************************************
Single-server queueing system

Mean interarrival time      1.110 minutes

Mean service time           1.000 minutes

Number of customers          2000



Average delay in queue2663529984.000 minutes

Average number in queue    10.817

Server utilization       0.000000

Time simulation ended 1143661.625 minutes
***********************************************
Single-server queueing system

Mean interarrival time      1.110 minutes

Mean service time           1.000 minutes

Number of customers          2000



Average delay in queue2674655744.000 minutes

Average number in queue    33.788

Server utilization       0.000000

Time simulation ended  188426.594 minutes
***********************************************
Single-server queueing system

Mean interarrival time      1.110 minutes

Mean service time           1.000 minutes

Number of customers          2000



Average delay in queue12533946368.000 minutes

Average number in queue    26.033

Server utilization       0.000000

Time simulation ended  136625.500 minutes
***********************************************
Single-server queueing system

Mean interarrival time      1.110 minutes

Mean service time           1.000 minutes

Number of customers          2000



Average delay in queue1520482176.000 minutes

Average number in queue    34.813

Server utilization       0.000000

Time simulation ended  201541.203 minutes
***********************************************
Single-server queueing system

Mean interarrival time      1.110 minutes

Mean service time           1.000 minutes

Number of customers          2000



Average delay in queue3199732992.000 minutes

Average number in queue     6.218

Server utilization       0.000000

Time simulation ended  423163.781 minutes
***********************************************
Single-server queueing system

Mean interarrival time      1.110 minutes

Mean service time           1.000 minutes

Number of customers          2000



Average delay in queue8613471232.000 minutes

Average number in queue    86.570

Server utilization       0.000000

Time simulation ended  168296.719 minutes
***********************************************
