\begin{verbatim}
            CSIM Simulation Report (Version 19.0 for SPARC Solaris)

                                  M/M/1 Queue

                           Mon Feb 15 17:37:58 2010


                     Ending simulation time:     10041.661
                     Elapsed simulation time:    10041.661
                     CPU time used (seconds):        0.150


FACILITY SUMMARY 

facility     service    service          through-    queue     response   compl
name           disc      time    util.     put       length      time     count
--------------------------------------------------------------------------------
facility     fcfs       0.99206  0.494    0.49793    0.99059    1.98943     5000
   > class customer     0.99206  0.494    0.49793    0.99059    1.98943     5000


PROCESS CLASS SUMMARY 

 id  name            number     lifetime   hold count    hold time    wait time
--------------------------------------------------------------------------------
  0  default              1      0.00000      0.00000      0.00000      0.00000 
  1  sim               5001      2.00793      0.99980      2.00791      0.00002 
  2  customer          5000      1.98943      1.00000      0.99206      0.99738 



TABLE 1:  resp tms

      minimum         0.000145          mean                    1.989433
      maximum        14.273079          variance                3.813342
      range          14.272934          standard deviation      1.952778
      observations        5000          coefficient of var      0.981575

QTABLE 1:  num in sys

      initial       0      minimum       0      mean                    0.990590
      final         0      maximum      13      variance                1.937727
      entries    5000      range        13      standard deviation      1.392022
      exits      5000                           coeff of variation      1.405246

                                             cumulative
        number    total time    proportion   proportion

             0    5081.38161     0.506030     0.506030   ********************
             1    2426.95194     0.241688     0.747718   **********          
             2    1238.22169     0.123308     0.871027   *****               
             3     667.95025     0.066518     0.937545   ***                 
             4     350.00001     0.034855     0.972399   *                   
             5     152.62571     0.015199     0.987599   *                   
             6      69.33696     0.006905     0.994504   .
             7      25.09331     0.002499     0.997003   .
             8       9.84005     0.000980     0.997982   .
             9      10.69388     0.001065     0.999047   .
 >=         10       9.56521     0.000953     1.000000   .




			M/M/1 Theoretical Results


		Inter-arrival time =      2.000
		Service time       =      1.000
		Utilization        =      0.500
		Throughput rate    =      0.500
		Mn nbr at queue    =      1.000
		Mn queue length    =      0.500
		Response time      =      2.000
		Time in queue      =      1.000
CSIM MODEL STATISTICS

CPU time used (sec):         0.160 
Events processed:            17485 
Memory allocated:            17720 bytes 
Calls to malloc:                64 
Processes 
     Started:                 5001 
     Saved:                   9105 
     Terminated:              5000 
     High water mark:           14 
Stacks 
     Allocated:               5015 
     High water mark:         1832 words 
     Average:                  130 words 
     Maximum:                  131 words 
     Current:                  129 words 
\end{verbatim}
