      3.566       3.719
      1.739       2.096
      6.658       7.124
      1.600       1.537
     54.905      12.377
      7.527       8.440
      2.463       2.268
      4.063       5.123
     11.911       6.444
      2.138       3.070
      2.012       1.752
      0.715       0.745
      0.880       1.212
      0.809       0.952
      8.220       8.471
      3.243       2.974
      5.602       5.710
      0.999       1.359
      1.671       1.734
      3.766       3.349
      3.117       2.839
      3.068       3.523
      7.197       7.271
     67.086      15.044
      6.490       4.152
      2.586       5.135
      8.128       8.028
      4.996       3.322
      2.477       1.824
      0.992       1.342
      2.696       2.346
      1.702       1.755
      1.715       1.836
      1.639       1.978
      8.328      12.813
      6.940       6.820
      1.533       2.023
      1.372       1.605
      2.092       1.890
      2.492       2.087
      1.850       1.551
      7.530       7.005
      6.259       4.124
      3.629       3.013
     36.855      10.215
      2.020       1.850
      2.078       2.818
     18.971      13.537
      6.731       4.118
      0.616       0.697
      9.907       4.669
     10.447       8.076
      1.453       1.790
      0.871       1.035
      5.688       3.788
      2.228       2.115
      1.019       1.338
      2.753       3.742
      3.144       4.808
      4.841       4.214
